<?xml version="1.0" encoding="UTF-8"?>
<testsuites name="jest tests" tests="4" failures="0" errors="0" time="1.621">
  <testsuite name="index.js" errors="0" failures="0" skipped="0" timestamp="2024-07-11T17:11:40" time="1.081" tests="4">
    <testcase classname="index.js getCurrentFolder" name="index.js getCurrentFolder" time="0.005">
    </testcase>
    <testcase classname="index.js updateNavigationPanel" name="index.js updateNavigationPanel" time="0.008">
    </testcase>
    <testcase classname="index.js updateContents" name="index.js updateContents" time="0.01">
    </testcase>
    <testcase classname="index.js load_data" name="index.js load_data" time="0.008">
    </testcase>
  </testsuite>
</testsuites>